Problem:    team
Rows:       7
Columns:    6 (6 integer, 6 binary)
Non-zeros:  20
Status:     INTEGER OPTIMAL
Objective:  Capability = 15 (MAXimum)

   No.   Row name        Activity     Lower bound   Upper bound
------ ------------    ------------- ------------- -------------
     1 Frontend                    2             1               
     2 Backen                      2             1               
     3 DB                          2             1               
     4 CS                          1             1               
     5 Agilis                      1             1               
     6 DevOps                      1             1               
     7 Capability                 15                             

   No. Column name       Activity     Lower bound   Upper bound
------ ------------    ------------- ------------- -------------
     1 Ti           *              0             0             1 
     2 Da           *              1             0             1 
     3 Bo           *              0             0             1 
     4 Be           *              1             0             1 
     5 Ma           *              1             0             1 
     6 Ba           *              0             0             1 

Integer feasibility conditions:

KKT.PE: max.abs.err = 0.00e+00 on row 0
        max.rel.err = 0.00e+00 on row 0
        High quality

KKT.PB: max.abs.err = 0.00e+00 on row 0
        max.rel.err = 0.00e+00 on row 0
        High quality

End of output
