Problem:    team1
Rows:       7
Columns:    6 (6 integer, 6 binary)
Non-zeros:  19
Status:     INTEGER OPTIMAL
Objective:  Potential = 15 (MAXimum)

   No.   Row name        Activity     Lower bound   Upper bound
------ ------------    ------------- ------------- -------------
     1 AllTasks[Frontend]
                                   2             1               
     2 AllTasks[Backend]
                                   1             1               
     3 AllTasks[Database]
                                   1             1               
     4 AllTasks[CSS]
                                   2             1               
     5 AllTasks[Agile]
                                   1             1               
     6 AllTasks[DevOps]
                                   1             1               
     7 Potential                  15                             

   No. Column name       Activity     Lower bound   Upper bound
------ ------------    ------------- ------------- -------------
     1 Team[Tibor]  *              0             0             1 
     2 Team[David]  *              1             0             1 
     3 Team[Botond] *              0             0             1 
     4 Team[Bence]  *              1             0             1 
     5 Team[Mark]   *              1             0             1 
     6 Team[Balazs] *              0             0             1 

Integer feasibility conditions:

KKT.PE: max.abs.err = 0.00e+00 on row 0
        max.rel.err = 0.00e+00 on row 0
        High quality

KKT.PB: max.abs.err = 0.00e+00 on row 0
        max.rel.err = 0.00e+00 on row 0
        High quality

End of output
