Problem:    fesztival
Rows:       6
Columns:    4 (4 integer, 4 binary)
Non-zeros:  14
Status:     INTEGER OPTIMAL
Objective:  Participation = 2 (MINimum)

   No.   Row name        Activity     Lower bound   Upper bound
------ ------------    ------------- ------------- -------------
     1 B1                          1             1               
     2 B2                          2             1               
     3 B3                          1             1               
     4 B4                          1             1               
     5 B5                          1             1               
     6 Participation
                                   2                             

   No. Column name       Activity     Lower bound   Upper bound
------ ------------    ------------- ------------- -------------
     1 F1           *              0             0             1 
     2 F2           *              1             0             1 
     3 F3           *              1             0             1 
     4 F4           *              0             0             1 

Integer feasibility conditions:

KKT.PE: max.abs.err = 0.00e+00 on row 0
        max.rel.err = 0.00e+00 on row 0
        High quality

KKT.PB: max.abs.err = 0.00e+00 on row 0
        max.rel.err = 0.00e+00 on row 0
        High quality

End of output
